-- FreeFem++ v  4.000000 (date lun. 21 janv. 2019 10:10:16)
 Load: lg_fem lg_mesh lg_mesh3 eigenvalue
    1 : // Parameters
    2 : real S = 99;
    3 :
    4 : // MESH
    5 :
    6 : // Far-field domain
    7 : border C(t=0., 2.*pi){x=5.*cos(t); y=5.*sin(t);}
    8 :
    9 : // Airfoil upper surface
   10 : border Splus(t=0., 1.){x=t; y=0.17735*sqrt(t) - 0.075597*t
   11 :    - 0.212836*(t^2) + 0.17363*(t^3) - 0.06254*(t^4); label=S;}
   12 :
   13 : // Airfoil lower surface
   14 : border Sminus(t=1., 0.){x=t; y=-(0.17735*sqrt(t) - 0.075597*t
   15 :    -0.212836*(t^2) + 0.17363*(t^3) - 0.06254*(t^4)); label=S;}
   16 :
   17 : mesh Th = buildmesh(C(50) + Splus(500) + Sminus(500));
   18 :
   19 : // Fespace
   20 : fespace Vh(Th, P2);
   21 : Vh psi, w;
   22 :
   23 : // Solve
   24 : solve lol(psi, w)
   25 :    = int2d(Th)(
   26 :         dx(psi)*dx(w)
   27 :       +dy(psi)*dy(w)
   28 :    )
   29 :    + on(C, psi = y)
   30 :    + on(S, psi=0)
   31 :    ;Problem : ----------------------------- 392 dim = 2 0x442f8b0
 
   32 :
   33 : plot(psi, wait=1); sizestack + 1024 =1552  ( 528 )
 
  --  mesh:  Nb of Triangles =  20368, Nb of Vertices 10709
  -- Solve :
          min -4.99013  max 4.99013
times: compile 0.062s, execution 2.88s,  mpirank:0
 CodeAlloc : nb ptr  2994,  size :394760 mpirank: 0
Ok: Normal End
 try getConsole C:\Users\User\Documents\Intern\UROP\FreeFEM\Examples\Aerofoil\Airfoil_FF.edp
