-- FreeFem++ v  4.000000 (date lun. 21 janv. 2019 10:10:16)
 Load: lg_fem lg_mesh lg_mesh3 eigenvalue
    1 : // Parameters
    2 : real kc2 = 1.;
    3 : func g = y*(1.-y);
    4 :
    5 : // Mesh
    6 : border a0(t=0., 1.){x=5.; y=1.+2.*t;}
    7 : border a1(t=0., 1.){x=5.-2.*t; y=3.;}
    8 : border a2(t=0., 1.){x=3.-2.*t; y=3.-2.*t;}
    9 : border a3(t=0., 1.){x=1.-t; y=1.;}
   10 : border a4(t=0., 1.){x=0.; y=1.-t;}
   11 : border a5(t=0., 1.){x=t; y=0.;}
   12 : border a6(t=0., 1.){x=1.+4.*t; y=t;}
   13 :
   14 : mesh Th = buildmesh(a0(20) + a1(20) + a2(20)
   15 :     + a3(20) + a4(20) + a5(20) + a6(20));
   16 :
   17 : // Fespace
   18 : fespace Vh(Th, P1);
   19 : Vh u, v;
   20 :
   21 : // Solve
   22 : solve sound(u, v)
   23 :    = int2d(Th)(
   24 :         u*v * kc2
   25 :       - dx(u)*dx(v)
   26 :       - dy(u)*dy(v)
   27 :    )
   28 :    - int1d(Th, a4)(
   29 :         g * v
   30 :    )
   31 :    ;Problem : ----------------------------- 456 dim = 2 0x2b45700
 
   32 :
   33 : // Parameters
   34 : real sigma = 20; //value of the shift
   35 :
   36 : // Problem
   37 : // OP = A - sigma B ; // The shifted matrix
   38 : varf op(u1, u2)
   39 :    = int2d(Th)(
   40 :         dx(u1)*dx(u2)
   41 :       + dy(u1)*dy(u2)
   42 :       - sigma* u1*u2
   43 :    )
   44 :    ;
   45 :
   46 : varf b([u1], [u2])
   47 :    = int2d(Th)(
   48 :         u1*u2
   49 :    )
   50 :    ; // No Boundary condition see note \ref{note BC EV}
   51 :
   52 : matrix OP = op(Vh, Vh, solver=Crout, factorize=1);
   53 : matrix B = b(Vh, Vh, solver=CG, eps=1e-20);
   54 :
   55 : // Eigen values
   56 : int nev=2; // Number of requested eigenvalues near sigma
   57 :
   58 : real[int] ev(nev);  // To store the nev eigenvalue
   59 : Vh[int] eV(nev);    // To store the nev eigenvector
   60 :
   61 : int k=EigenValue(OP, B, sym=true, sigma=sigma, value=ev, vector=eV,
   62 :    tol=1e-10, maxit=0, ncv=0);
   63 :
   64 : cout << ev(0) << " 2 eigen values " << ev(1) << endl;
   65 : v = eV[0];
   66 : plot(v, wait=true, ps="eigen.eps"); sizestack + 1024 =2792  ( 1768 )
 
  --  mesh:  Nb of Triangles =   1698, Nb of Vertices 920
  -- Solve :
          min -0.169338  max 0.178496
Real symmetric eigenvalue problem: A*x - B*x*lambda
 SumpT=17351
  SkyLineMatrix: size pL/pU: 920 17351 17351 moy=18.8598
  -- forward substitution L
  -- diagonal substitution D
  -- backward substitution  U
  -- forward substitution L
  -- diagonal substitution D
  -- backward substitution  U
  -- forward substitution L
  -- diagonal substitution D
  -- backward substitution  U
  -- forward substitution L
  -- diagonal substitution D
  -- backward substitution  U
  -- forward substitution L
  -- diagonal substitution D
  -- backward substitution  U
  -- forward substitution L
  -- diagonal substitution D
  -- backward substitution  U
  -- forward substitution L
  -- diagonal substitution D
  -- backward substitution  U
  -- forward substitution L
  -- diagonal substitution D
  -- backward substitution  U
  -- forward substitution L
  -- diagonal substitution D
  -- backward substitution  U
  -- forward substitution L
  -- diagonal substitution D
  -- backward substitution  U
  -- forward substitution L
  -- diagonal substitution D
  -- backward substitution  U
  -- forward substitution L
  -- diagonal substitution D
  -- backward substitution  U
  -- forward substitution L
  -- diagonal substitution D
  -- backward substitution  U
  -- forward substitution L
  -- diagonal substitution D
  -- backward substitution  U
  -- forward substitution L
  -- diagonal substitution D
  -- backward substitution  U
  -- forward substitution L
  -- diagonal substitution D
  -- backward substitution  U
  -- forward substitution L
  -- diagonal substitution D
  -- backward substitution  U
  -- forward substitution L
  -- diagonal substitution D
  -- backward substitution  U
  -- forward substitution L
  -- diagonal substitution D
  -- backward substitution  U
  -- forward substitution L
  -- diagonal substitution D
  -- backward substitution  U
  -- forward substitution L
  -- diagonal substitution D
  -- backward substitution  U
  -- forward substitution L
  -- diagonal substitution D
  -- backward substitution  U
  -- forward substitution L
  -- diagonal substitution D
  -- backward substitution  U
  -- forward substitution L
  -- diagonal substitution D
  -- backward substitution  U
  -- forward substitution L
  -- diagonal substitution D
  -- backward substitution  U
  -- forward substitution L
  -- diagonal substitution D
  -- backward substitution  U
  -- forward substitution L
  -- diagonal substitution D
  -- backward substitution  U
  -- forward substitution L
  -- diagonal substitution D
  -- backward substitution  U
  -- forward substitution L
  -- diagonal substitution D
  -- backward substitution  U
  -- forward substitution L
  -- diagonal substitution D
  -- backward substitution  U
  -- forward substitution L
  -- diagonal substitution D
  -- backward substitution  U
  -- forward substitution L
  -- diagonal substitution D
  -- backward substitution  U
  -- forward substitution L
  -- diagonal substitution D
  -- backward substitution  U
  -- forward substitution L
  -- diagonal substitution D
  -- backward substitution  U
  -- forward substitution L
  -- diagonal substitution D
  -- backward substitution  U
  -- forward substitution L
  -- diagonal substitution D
  -- backward substitution  U
  -- forward substitution L
  -- diagonal substitution D
  -- backward substitution  U
  -- forward substitution L
  -- diagonal substitution D
  -- backward substitution  U
  -- forward substitution L
  -- diagonal substitution D
  -- backward substitution  U
  -- forward substitution L
  -- diagonal substitution D
  -- backward substitution  U
  -- forward substitution L
  -- diagonal substitution D
  -- backward substitution  U
14.6845 2 eigen values 14.9412
times: compile 0.11s, execution 0.126s,  mpirank:0
 ######## We forget of deleting   -5 Nb pointer,   0Bytes  ,  mpirank 0, memory leak =0
 CodeAlloc : nb ptr  3150,  size :405376 mpirank: 0
Ok: Normal End
 try getConsole C:\Users\User\Documents\Intern\UROP\FreeFEM\Examples\Acoustics\Ac2_CFD.edp
