-- FreeFem++ v  4.000000 (date lun. 21 janv. 2019 10:10:16)
 Load: lg_fem lg_mesh lg_mesh3 eigenvalue
    1 : // Parameters
    2 : real kc2 = 1.;
    3 : func g = y*(1.-y);
    4 :
    5 : // Mesh
    6 : border a0(t=0., 1.){x=5.; y=1.+2.*t;}
    7 : border a1(t=0., 1.){x=5.-2.*t; y=3.;}
    8 : border a2(t=0., 1.){x=3.-2.*t; y=3.-2.*t;}
    9 : border a3(t=0., 1.){x=1.-t; y=1.;}
   10 : border a4(t=0., 1.){x=0.; y=1.-t;}
   11 : border a5(t=0., 1.){x=t; y=0.;}
   12 : border a6(t=0., 1.){x=1.+4.*t; y=t;}
   13 :
   14 : mesh Th = buildmesh(a0(20) + a1(20) + a2(20)
   15 :     + a3(20) + a4(20) + a5(20) + a6(20));
   16 :
   17 : // Fespace
   18 : fespace Vh(Th, P1);
   19 : Vh u, v;
   20 :
   21 : // Solve
   22 : solve sound(u, v)
   23 :    = int2d(Th)(
   24 :         u*v * kc2
   25 :       - dx(u)*dx(v)
   26 :       - dy(u)*dy(v)
   27 :    )
   28 :    - int1d(Th, a4)(
   29 :         g * v
   30 :    )
   31 :    ;Problem : ----------------------------- 456 dim = 2 0x2985700
 
   32 :
   33 : // Plot
   34 : plot(u, wait=1, ps="Sound.eps"); sizestack + 1024 =2176  ( 1152 )
 
  --  mesh:  Nb of Triangles =   1698, Nb of Vertices 920
  -- Solve :
          min -0.169338  max 0.178496
times: compile 0.031s, execution 0.051s,  mpirank:0
 CodeAlloc : nb ptr  3057,  size :399856 mpirank: 0
Ok: Normal End
 try getConsole C:\Users\User\Documents\Intern\UROP\FreeFEM\Examples\Acoustics\Ac_CFD.edp
